11:49:40 **** Rebuild of configuration Debug for project GearsBot ****
Info: Internal Builder is used for build
arm-frc-linux-gnueabi-g++ -std=c++1y "-IC:\\Users\\Falcons/wpilib/cpp/current/include" "-IC:\\Users\\Falcons\\workspace\\GearsBot\\src" -O0 -g3 -Wall -c -fmessage-length=0 -o "src\\Commands\\SetElevatorSetpoint.o" "..\\src\\Commands\\SetElevatorSetpoint.cpp" 
arm-frc-linux-gnueabi-g++ -std=c++1y "-IC:\\Users\\Falcons/wpilib/cpp/current/include" "-IC:\\Users\\Falcons\\workspace\\GearsBot\\src" -O0 -g3 -Wall -c -fmessage-length=0 -o "src\\OI.o" "..\\src\\OI.cpp" 
arm-frc-linux-gnueabi-g++ -std=c++1y "-IC:\\Users\\Falcons/wpilib/cpp/current/include" "-IC:\\Users\\Falcons\\workspace\\GearsBot\\src" -O0 -g3 -Wall -c -fmessage-length=0 -o "src\\Commands\\Pickup.o" "..\\src\\Commands\\Pickup.cpp" 
arm-frc-linux-gnueabi-g++ -std=c++1y "-IC:\\Users\\Falcons/wpilib/cpp/current/include" "-IC:\\Users\\Falcons\\workspace\\GearsBot\\src" -O0 -g3 -Wall -c -fmessage-length=0 -o "src\\Subsystems\\Elevator.o" "..\\src\\Subsystems\\Elevator.cpp" 
arm-frc-linux-gnueabi-g++ -std=c++1y "-IC:\\Users\\Falcons/wpilib/cpp/current/include" "-IC:\\Users\\Falcons\\workspace\\GearsBot\\src" -O0 -g3 -Wall -c -fmessage-length=0 -o "src\\Commands\\OpenClaw.o" "..\\src\\Commands\\OpenClaw.cpp" 
arm-frc-linux-gnueabi-g++ -std=c++1y "-IC:\\Users\\Falcons/wpilib/cpp/current/include" "-IC:\\Users\\Falcons\\workspace\\GearsBot\\src" -O0 -g3 -Wall -c -fmessage-length=0 -o "src\\Commands\\PrepareToPickup.o" "..\\src\\Commands\\PrepareToPickup.cpp" 
arm-frc-linux-gnueabi-g++ -std=c++1y "-IC:\\Users\\Falcons/wpilib/cpp/current/include" "-IC:\\Users\\Falcons\\workspace\\GearsBot\\src" -O0 -g3 -Wall -c -fmessage-length=0 -o "src\\Commands\\Autonomous.o" "..\\src\\Commands\\Autonomous.cpp" 
arm-frc-linux-gnueabi-g++ -std=c++1y "-IC:\\Users\\Falcons/wpilib/cpp/current/include" "-IC:\\Users\\Falcons\\workspace\\GearsBot\\src" -O0 -g3 -Wall -c -fmessage-length=0 -o "src\\Subsystems\\DriveTrain.o" "..\\src\\Subsystems\\DriveTrain.cpp" 
arm-frc-linux-gnueabi-g++ -std=c++1y "-IC:\\Users\\Falcons/wpilib/cpp/current/include" "-IC:\\Users\\Falcons\\workspace\\GearsBot\\src" -O0 -g3 -Wall -c -fmessage-length=0 -o "src\\Commands\\SetDistanceToBox.o" "..\\src\\Commands\\SetDistanceToBox.cpp" 
arm-frc-linux-gnueabi-g++ -std=c++1y "-IC:\\Users\\Falcons/wpilib/cpp/current/include" "-IC:\\Users\\Falcons\\workspace\\GearsBot\\src" -O0 -g3 -Wall -c -fmessage-length=0 -o "src\\Commands\\Place.o" "..\\src\\Commands\\Place.cpp" 
arm-frc-linux-gnueabi-g++ -std=c++1y "-IC:\\Users\\Falcons/wpilib/cpp/current/include" "-IC:\\Users\\Falcons\\workspace\\GearsBot\\src" -O0 -g3 -Wall -c -fmessage-length=0 -o "src\\Commands\\TankDriveWithJoystick.o" "..\\src\\Commands\\TankDriveWithJoystick.cpp" 
arm-frc-linux-gnueabi-g++ -std=c++1y "-IC:\\Users\\Falcons/wpilib/cpp/current/include" "-IC:\\Users\\Falcons\\workspace\\GearsBot\\src" -O0 -g3 -Wall -c -fmessage-length=0 -o "src\\Subsystems\\Claw.o" "..\\src\\Subsystems\\Claw.cpp" 
arm-frc-linux-gnueabi-g++ -std=c++1y "-IC:\\Users\\Falcons/wpilib/cpp/current/include" "-IC:\\Users\\Falcons\\workspace\\GearsBot\\src" -O0 -g3 -Wall -c -fmessage-length=0 -o "src\\Commands\\CloseClaw.o" "..\\src\\Commands\\CloseClaw.cpp" 
arm-frc-linux-gnueabi-g++ -std=c++1y "-IC:\\Users\\Falcons/wpilib/cpp/current/include" "-IC:\\Users\\Falcons\\workspace\\GearsBot\\src" -O0 -g3 -Wall -c -fmessage-length=0 -o "src\\Commands\\SetWristSetpoint.o" "..\\src\\Commands\\SetWristSetpoint.cpp" 
arm-frc-linux-gnueabi-g++ -std=c++1y "-IC:\\Users\\Falcons/wpilib/cpp/current/include" "-IC:\\Users\\Falcons\\workspace\\GearsBot\\src" -O0 -g3 -Wall -c -fmessage-length=0 -o "src\\Subsystems\\Wrist.o" "..\\src\\Subsystems\\Wrist.cpp" 
arm-frc-linux-gnueabi-g++ -std=c++1y "-IC:\\Users\\Falcons/wpilib/cpp/current/include" "-IC:\\Users\\Falcons\\workspace\\GearsBot\\src" -O0 -g3 -Wall -c -fmessage-length=0 -o "src\\Commands\\DriveStraight.o" "..\\src\\Commands\\DriveStraight.cpp" 
arm-frc-linux-gnueabi-g++ -std=c++1y "-IC:\\Users\\Falcons/wpilib/cpp/current/include" "-IC:\\Users\\Falcons\\workspace\\GearsBot\\src" -O0 -g3 -Wall -c -fmessage-length=0 -o "src\\Robot.o" "..\\src\\Robot.cpp" 
arm-frc-linux-gnueabi-g++ "-LC:\\Users\\Falcons/wpilib/cpp/current/lib" -Wl,-rpath,/opt/GenICam_v2_3/bin/Linux_armv7-a -o FRCUserProgram "src\\Subsystems\\Wrist.o" "src\\Subsystems\\Elevator.o" "src\\Subsystems\\DriveTrain.o" "src\\Subsystems\\Claw.o" "src\\Robot.o" "src\\OI.o" "src\\Commands\\TankDriveWithJoystick.o" "src\\Commands\\SetWristSetpoint.o" "src\\Commands\\SetElevatorSetpoint.o" "src\\Commands\\SetDistanceToBox.o" "src\\Commands\\PrepareToPickup.o" "src\\Commands\\Place.o" "src\\Commands\\Pickup.o" "src\\Commands\\OpenClaw.o" "src\\Commands\\DriveStraight.o" "src\\Commands\\CloseClaw.o" "src\\Commands\\Autonomous.o" -lwpi 
c:/frc/bin/../lib/gcc/arm-frc-linux-gnueabi/4.9.1/../../../../arm-frc-linux-gnueabi/bin/ld.exe: warning: libstdc++.so.6, needed by C:\Users\Falcons/wpilib/cpp/current/lib\libFRC_NetworkCommunication.so.1.5.0, not found (try using -rpath or -rpath-link)

11:50:20 Build Finished (took 39s.657ms)

